Trade summary updated: /home/ubuntu/nifty/data/results/trade_summary.csv
Daily summary updated: /home/ubuntu/nifty/data/results/daily_summary.csv
Trade summary updated: /home/ubuntu/nifty/data/results/trade_summary.csv
Daily summary updated: /home/ubuntu/nifty/data/results/daily_summary.csv
Trade summary updated: /home/ubuntu/nifty/data/results/trade_summary.csv
Daily summary updated: /home/ubuntu/nifty/data/results/daily_summary.csv
Trade summary updated: /home/ubuntu/nifty/data/results/trade_summary.csv
Daily summary updated: /home/ubuntu/nifty/data/results/daily_summary.csv
Trade summary updated: /home/ubuntu/nifty/data/results/trade_summary.csv
Daily summary updated: /home/ubuntu/nifty/data/results/daily_summary.csv
Traceback (most recent call last):
  File "/home/ubuntu/nifty/scripts/analyze_trades.py", line 7, in <module>
    from scripts.app_config import APP_CONFIG
ModuleNotFoundError: No module named 'scripts'
Traceback (most recent call last):
  File "/home/ubuntu/nifty/scripts/analyze_trades.py", line 7, in <module>
    from scripts.app_config import APP_CONFIG
ModuleNotFoundError: No module named 'scripts'
Traceback (most recent call last):
  File "/home/ubuntu/nifty/scripts/analyze_trades.py", line 7, in <module>
    from scripts.app_config import APP_CONFIG
ModuleNotFoundError: No module named 'scripts'
Traceback (most recent call last):
  File "/home/ubuntu/nifty/scripts/analyze_trades.py", line 7, in <module>
    from scripts.app_config import APP_CONFIG
ModuleNotFoundError: No module named 'scripts'
Traceback (most recent call last):
  File "/home/ubuntu/nifty/scripts/analyze_trades.py", line 7, in <module>
    from scripts.app_config import APP_CONFIG
ModuleNotFoundError: No module named 'scripts'
