---------------------------------
Restart triggered at Sun Mar  8 17:24:59 IST 2026
Starting new tmux session
Restart successful
---------------------------------
Restart triggered at Mon Mar  9 08:40:01 IST 2026
Killing existing tmux session
Starting new tmux session
Restart successful
---------------------------------
Restart triggered at Tue Mar 10 08:40:01 IST 2026
Killing existing tmux session
Starting new tmux session
Restart successful
---------------------------------
Restart triggered at Wed Mar 11 08:40:01 IST 2026
Killing existing tmux session
Starting new tmux session
Restart successful
---------------------------------
Restart triggered at Thu Mar 12 08:40:01 IST 2026
Killing existing tmux session
Starting new tmux session
Restart successful
---------------------------------
Restart triggered at Fri Mar 13 08:40:01 IST 2026
Killing existing tmux session
Starting new tmux session
Restart successful
---------------------------------
Restart triggered at Mon Mar 16 08:40:01 IST 2026
Killing existing tmux session
Starting new tmux session
Restart successful
---------------------------------
Restart triggered at Tue Mar 17 08:40:01 IST 2026
Killing existing tmux session
Starting new tmux session
Restart successful
---------------------------------
Restart triggered at Wed Mar 18 08:40:01 IST 2026
Killing existing tmux session
Starting new tmux session
Restart successful
---------------------------------
Restart triggered at Thu Mar 19 08:40:01 IST 2026
Killing existing tmux session
Starting new tmux session
Restart successful
---------------------------------
Restart triggered at Fri Mar 20 08:40:01 IST 2026
Killing existing tmux session
Starting new tmux session
Restart successful
